[09-Dec-2022 08:45:54 UTC] PHP Warning:  Failed loading Zend extension 'php_opcache.dll' (tried: C:/Users/Lojsa/AppData/Local/Programs/Local/resources/extraResources/lightning-services/php-8.1.9+7/bin/win64/ext\php_opcache.dll (Det går inte att hitta den angivna modulen), C:/Users/Lojsa/AppData/Local/Programs/Local/resources/extraResources/lightning-services/php-8.1.9+7/bin/win64/ext\php_php_opcache.dll.dll (Det går inte att hitta den angivna modulen)) in Unknown on line 0
[09-Dec-2022 08:45:54 UTC] PHP Warning:  Failed loading Zend extension 'php_xdebug.dll' (tried: C:/Users/Lojsa/AppData/Local/Programs/Local/resources/extraResources/lightning-services/php-8.1.9+7/bin/win64/ext\php_xdebug.dll (Det går inte att hitta den angivna modulen), C:/Users/Lojsa/AppData/Local/Programs/Local/resources/extraResources/lightning-services/php-8.1.9+7/bin/win64/ext\php_php_xdebug.dll.dll (Det går inte att hitta den angivna modulen)) in Unknown on line 0
[09-Dec-2022 08:45:54 UTC] PHP Warning:  PHP Startup: Unable to load dynamic library 'php_curl.dll' (tried: C:/Users/Lojsa/AppData/Local/Programs/Local/resources/extraResources/lightning-services/php-8.1.9+7/bin/win64/ext\php_curl.dll (Det går inte att hitta den angivna modulen), C:/Users/Lojsa/AppData/Local/Programs/Local/resources/extraResources/lightning-services/php-8.1.9+7/bin/win64/ext\php_php_curl.dll.dll (Det går inte att hitta den angivna modulen)) in Unknown on line 0
[09-Dec-2022 08:45:54 UTC] PHP Warning:  PHP Startup: Unable to load dynamic library 'php_gettext.dll' (tried: C:/Users/Lojsa/AppData/Local/Programs/Local/resources/extraResources/lightning-services/php-8.1.9+7/bin/win64/ext\php_gettext.dll (Det går inte att hitta den angivna modulen), C:/Users/Lojsa/AppData/Local/Programs/Local/resources/extraResources/lightning-services/php-8.1.9+7/bin/win64/ext\php_php_gettext.dll.dll (Det går inte att hitta den angivna modulen)) in Unknown on line 0
[09-Dec-2022 08:45:54 UTC] PHP Warning:  PHP Startup: Unable to load dynamic library 'php_openssl.dll' (tried: C:/Users/Lojsa/AppData/Local/Programs/Local/resources/extraResources/lightning-services/php-8.1.9+7/bin/win64/ext\php_openssl.dll (Det går inte att hitta den angivna modulen), C:/Users/Lojsa/AppData/Local/Programs/Local/resources/extraResources/lightning-services/php-8.1.9+7/bin/win64/ext\php_php_openssl.dll.dll (Det går inte att hitta den angivna modulen)) in Unknown on line 0
[09-Dec-2022 08:45:54 UTC] PHP Warning:  PHP Startup: Unable to load dynamic library 'php_exif.dll' (tried: C:/Users/Lojsa/AppData/Local/Programs/Local/resources/extraResources/lightning-services/php-8.1.9+7/bin/win64/ext\php_exif.dll (Det går inte att hitta den angivna modulen), C:/Users/Lojsa/AppData/Local/Programs/Local/resources/extraResources/lightning-services/php-8.1.9+7/bin/win64/ext\php_php_exif.dll.dll (Det går inte att hitta den angivna modulen)) in Unknown on line 0
[09-Dec-2022 08:45:54 UTC] PHP Warning:  PHP Startup: Unable to load dynamic library 'php_gd.dll' (tried: C:/Users/Lojsa/AppData/Local/Programs/Local/resources/extraResources/lightning-services/php-8.1.9+7/bin/win64/ext\php_gd.dll (Det går inte att hitta den angivna modulen), C:/Users/Lojsa/AppData/Local/Programs/Local/resources/extraResources/lightning-services/php-8.1.9+7/bin/win64/ext\php_php_gd.dll.dll (Det går inte att hitta den angivna modulen)) in Unknown on line 0
[09-Dec-2022 08:45:54 UTC] PHP Warning:  PHP Startup: Unable to load dynamic library 'php_ftp.dll' (tried: C:/Users/Lojsa/AppData/Local/Programs/Local/resources/extraResources/lightning-services/php-8.1.9+7/bin/win64/ext\php_ftp.dll (Det går inte att hitta den angivna modulen), C:/Users/Lojsa/AppData/Local/Programs/Local/resources/extraResources/lightning-services/php-8.1.9+7/bin/win64/ext\php_php_ftp.dll.dll (Det går inte att hitta den angivna modulen)) in Unknown on line 0
[09-Dec-2022 08:45:54 UTC] PHP Warning:  PHP Startup: Unable to load dynamic library 'php_imap.dll' (tried: C:/Users/Lojsa/AppData/Local/Programs/Local/resources/extraResources/lightning-services/php-8.1.9+7/bin/win64/ext\php_imap.dll (Det går inte att hitta den angivna modulen), C:/Users/Lojsa/AppData/Local/Programs/Local/resources/extraResources/lightning-services/php-8.1.9+7/bin/win64/ext\php_php_imap.dll.dll (Det går inte att hitta den angivna modulen)) in Unknown on line 0
[09-Dec-2022 08:45:54 UTC] PHP Warning:  PHP Startup: Unable to load dynamic library 'php_bz2.dll' (tried: C:/Users/Lojsa/AppData/Local/Programs/Local/resources/extraResources/lightning-services/php-8.1.9+7/bin/win64/ext\php_bz2.dll (Det går inte att hitta den angivna modulen), C:/Users/Lojsa/AppData/Local/Programs/Local/resources/extraResources/lightning-services/php-8.1.9+7/bin/win64/ext\php_php_bz2.dll.dll (Det går inte att hitta den angivna modulen)) in Unknown on line 0
[09-Dec-2022 08:45:54 UTC] PHP Warning:  PHP Startup: Unable to load dynamic library 'php_mbstring.dll' (tried: C:/Users/Lojsa/AppData/Local/Programs/Local/resources/extraResources/lightning-services/php-8.1.9+7/bin/win64/ext\php_mbstring.dll (Det går inte att hitta den angivna modulen), C:/Users/Lojsa/AppData/Local/Programs/Local/resources/extraResources/lightning-services/php-8.1.9+7/bin/win64/ext\php_php_mbstring.dll.dll (Det går inte att hitta den angivna modulen)) in Unknown on line 0
[09-Dec-2022 08:45:54 UTC] PHP Warning:  PHP Startup: Unable to load dynamic library 'php_sodium.dll' (tried: C:/Users/Lojsa/AppData/Local/Programs/Local/resources/extraResources/lightning-services/php-8.1.9+7/bin/win64/ext\php_sodium.dll (Det går inte att hitta den angivna modulen), C:/Users/Lojsa/AppData/Local/Programs/Local/resources/extraResources/lightning-services/php-8.1.9+7/bin/win64/ext\php_php_sodium.dll.dll (Det går inte att hitta den angivna modulen)) in Unknown on line 0
[09-Dec-2022 08:45:54 UTC] PHP Warning:  PHP Startup: Unable to load dynamic library 'php_tidy.dll' (tried: C:/Users/Lojsa/AppData/Local/Programs/Local/resources/extraResources/lightning-services/php-8.1.9+7/bin/win64/ext\php_tidy.dll (Det går inte att hitta den angivna modulen), C:/Users/Lojsa/AppData/Local/Programs/Local/resources/extraResources/lightning-services/php-8.1.9+7/bin/win64/ext\php_php_tidy.dll.dll (Det går inte att hitta den angivna modulen)) in Unknown on line 0
[09-Dec-2022 08:45:54 UTC] PHP Warning:  PHP Startup: Unable to load dynamic library 'php_xsl.dll' (tried: C:/Users/Lojsa/AppData/Local/Programs/Local/resources/extraResources/lightning-services/php-8.1.9+7/bin/win64/ext\php_xsl.dll (Det går inte att hitta den angivna modulen), C:/Users/Lojsa/AppData/Local/Programs/Local/resources/extraResources/lightning-services/php-8.1.9+7/bin/win64/ext\php_php_xsl.dll.dll (Det går inte att hitta den angivna modulen)) in Unknown on line 0
[09-Dec-2022 08:45:54 UTC] PHP Warning:  PHP Startup: Unable to load dynamic library 'php_soap.dll' (tried: C:/Users/Lojsa/AppData/Local/Programs/Local/resources/extraResources/lightning-services/php-8.1.9+7/bin/win64/ext\php_soap.dll (Det går inte att hitta den angivna modulen), C:/Users/Lojsa/AppData/Local/Programs/Local/resources/extraResources/lightning-services/php-8.1.9+7/bin/win64/ext\php_php_soap.dll.dll (Det går inte att hitta den angivna modulen)) in Unknown on line 0
[09-Dec-2022 08:45:54 UTC] PHP Warning:  PHP Startup: Unable to load dynamic library 'php_mysqli.dll' (tried: C:/Users/Lojsa/AppData/Local/Programs/Local/resources/extraResources/lightning-services/php-8.1.9+7/bin/win64/ext\php_mysqli.dll (Det går inte att hitta den angivna modulen), C:/Users/Lojsa/AppData/Local/Programs/Local/resources/extraResources/lightning-services/php-8.1.9+7/bin/win64/ext\php_php_mysqli.dll.dll (Det går inte att hitta den angivna modulen)) in Unknown on line 0
[09-Dec-2022 08:45:54 UTC] PHP Warning:  PHP Startup: Unable to load dynamic library 'php_pdo_mysql.dll' (tried: C:/Users/Lojsa/AppData/Local/Programs/Local/resources/extraResources/lightning-services/php-8.1.9+7/bin/win64/ext\php_pdo_mysql.dll (Det går inte att hitta den angivna modulen), C:/Users/Lojsa/AppData/Local/Programs/Local/resources/extraResources/lightning-services/php-8.1.9+7/bin/win64/ext\php_php_pdo_mysql.dll.dll (Det går inte att hitta den angivna modulen)) in Unknown on line 0
[09-Dec-2022 08:45:54 UTC] PHP Warning:  PHP Startup: Unable to load dynamic library 'php_fileinfo.dll' (tried: C:/Users/Lojsa/AppData/Local/Programs/Local/resources/extraResources/lightning-services/php-8.1.9+7/bin/win64/ext\php_fileinfo.dll (Det går inte att hitta den angivna modulen), C:/Users/Lojsa/AppData/Local/Programs/Local/resources/extraResources/lightning-services/php-8.1.9+7/bin/win64/ext\php_php_fileinfo.dll.dll (Det går inte att hitta den angivna modulen)) in Unknown on line 0
[09-Dec-2022 08:45:54 UTC] PHP Warning:  PHP Startup: Unable to load dynamic library 'php_intl.dll' (tried: C:/Users/Lojsa/AppData/Local/Programs/Local/resources/extraResources/lightning-services/php-8.1.9+7/bin/win64/ext\php_intl.dll (Det går inte att hitta den angivna modulen), C:/Users/Lojsa/AppData/Local/Programs/Local/resources/extraResources/lightning-services/php-8.1.9+7/bin/win64/ext\php_php_intl.dll.dll (Det går inte att hitta den angivna modulen)) in Unknown on line 0
[09-Dec-2022 08:45:54 UTC] PHP Warning:  Failed loading Zend extension 'php_opcache.dll' (tried: C:/Users/Lojsa/AppData/Local/Programs/Local/resources/extraResources/lightning-services/php-8.1.9+7/bin/win64/ext\php_opcache.dll (Det går inte att hitta den angivna modulen), C:/Users/Lojsa/AppData/Local/Programs/Local/resources/extraResources/lightning-services/php-8.1.9+7/bin/win64/ext\php_php_opcache.dll.dll (Det går inte att hitta den angivna modulen)) in Unknown on line 0
[09-Dec-2022 08:45:54 UTC] PHP Warning:  Failed loading Zend extension 'php_xdebug.dll' (tried: C:/Users/Lojsa/AppData/Local/Programs/Local/resources/extraResources/lightning-services/php-8.1.9+7/bin/win64/ext\php_xdebug.dll (Det går inte att hitta den angivna modulen), C:/Users/Lojsa/AppData/Local/Programs/Local/resources/extraResources/lightning-services/php-8.1.9+7/bin/win64/ext\php_php_xdebug.dll.dll (Det går inte att hitta den angivna modulen)) in Unknown on line 0
[09-Dec-2022 08:45:54 UTC] PHP Warning:  PHP Startup: Unable to load dynamic library 'php_curl.dll' (tried: C:/Users/Lojsa/AppData/Local/Programs/Local/resources/extraResources/lightning-services/php-8.1.9+7/bin/win64/ext\php_curl.dll (Det går inte att hitta den angivna modulen), C:/Users/Lojsa/AppData/Local/Programs/Local/resources/extraResources/lightning-services/php-8.1.9+7/bin/win64/ext\php_php_curl.dll.dll (Det går inte att hitta den angivna modulen)) in Unknown on line 0
[09-Dec-2022 08:45:54 UTC] PHP Warning:  PHP Startup: Unable to load dynamic library 'php_gettext.dll' (tried: C:/Users/Lojsa/AppData/Local/Programs/Local/resources/extraResources/lightning-services/php-8.1.9+7/bin/win64/ext\php_gettext.dll (Det går inte att hitta den angivna modulen), C:/Users/Lojsa/AppData/Local/Programs/Local/resources/extraResources/lightning-services/php-8.1.9+7/bin/win64/ext\php_php_gettext.dll.dll (Det går inte att hitta den angivna modulen)) in Unknown on line 0
[09-Dec-2022 08:45:54 UTC] PHP Warning:  PHP Startup: Unable to load dynamic library 'php_openssl.dll' (tried: C:/Users/Lojsa/AppData/Local/Programs/Local/resources/extraResources/lightning-services/php-8.1.9+7/bin/win64/ext\php_openssl.dll (Det går inte att hitta den angivna modulen), C:/Users/Lojsa/AppData/Local/Programs/Local/resources/extraResources/lightning-services/php-8.1.9+7/bin/win64/ext\php_php_openssl.dll.dll (Det går inte att hitta den angivna modulen)) in Unknown on line 0
[09-Dec-2022 08:45:54 UTC] PHP Warning:  PHP Startup: Unable to load dynamic library 'php_exif.dll' (tried: C:/Users/Lojsa/AppData/Local/Programs/Local/resources/extraResources/lightning-services/php-8.1.9+7/bin/win64/ext\php_exif.dll (Det går inte att hitta den angivna modulen), C:/Users/Lojsa/AppData/Local/Programs/Local/resources/extraResources/lightning-services/php-8.1.9+7/bin/win64/ext\php_php_exif.dll.dll (Det går inte att hitta den angivna modulen)) in Unknown on line 0
[09-Dec-2022 08:45:54 UTC] PHP Warning:  PHP Startup: Unable to load dynamic library 'php_gd.dll' (tried: C:/Users/Lojsa/AppData/Local/Programs/Local/resources/extraResources/lightning-services/php-8.1.9+7/bin/win64/ext\php_gd.dll (Det går inte att hitta den angivna modulen), C:/Users/Lojsa/AppData/Local/Programs/Local/resources/extraResources/lightning-services/php-8.1.9+7/bin/win64/ext\php_php_gd.dll.dll (Det går inte att hitta den angivna modulen)) in Unknown on line 0
[09-Dec-2022 08:45:54 UTC] PHP Warning:  PHP Startup: Unable to load dynamic library 'php_ftp.dll' (tried: C:/Users/Lojsa/AppData/Local/Programs/Local/resources/extraResources/lightning-services/php-8.1.9+7/bin/win64/ext\php_ftp.dll (Det går inte att hitta den angivna modulen), C:/Users/Lojsa/AppData/Local/Programs/Local/resources/extraResources/lightning-services/php-8.1.9+7/bin/win64/ext\php_php_ftp.dll.dll (Det går inte att hitta den angivna modulen)) in Unknown on line 0
[09-Dec-2022 08:45:54 UTC] PHP Warning:  PHP Startup: Unable to load dynamic library 'php_imap.dll' (tried: C:/Users/Lojsa/AppData/Local/Programs/Local/resources/extraResources/lightning-services/php-8.1.9+7/bin/win64/ext\php_imap.dll (Det går inte att hitta den angivna modulen), C:/Users/Lojsa/AppData/Local/Programs/Local/resources/extraResources/lightning-services/php-8.1.9+7/bin/win64/ext\php_php_imap.dll.dll (Det går inte att hitta den angivna modulen)) in Unknown on line 0
[09-Dec-2022 08:45:54 UTC] PHP Warning:  PHP Startup: Unable to load dynamic library 'php_bz2.dll' (tried: C:/Users/Lojsa/AppData/Local/Programs/Local/resources/extraResources/lightning-services/php-8.1.9+7/bin/win64/ext\php_bz2.dll (Det går inte att hitta den angivna modulen), C:/Users/Lojsa/AppData/Local/Programs/Local/resources/extraResources/lightning-services/php-8.1.9+7/bin/win64/ext\php_php_bz2.dll.dll (Det går inte att hitta den angivna modulen)) in Unknown on line 0
[09-Dec-2022 08:45:54 UTC] PHP Warning:  PHP Startup: Unable to load dynamic library 'php_mbstring.dll' (tried: C:/Users/Lojsa/AppData/Local/Programs/Local/resources/extraResources/lightning-services/php-8.1.9+7/bin/win64/ext\php_mbstring.dll (Det går inte att hitta den angivna modulen), C:/Users/Lojsa/AppData/Local/Programs/Local/resources/extraResources/lightning-services/php-8.1.9+7/bin/win64/ext\php_php_mbstring.dll.dll (Det går inte att hitta den angivna modulen)) in Unknown on line 0
[09-Dec-2022 08:45:54 UTC] PHP Warning:  PHP Startup: Unable to load dynamic library 'php_sodium.dll' (tried: C:/Users/Lojsa/AppData/Local/Programs/Local/resources/extraResources/lightning-services/php-8.1.9+7/bin/win64/ext\php_sodium.dll (Det går inte att hitta den angivna modulen), C:/Users/Lojsa/AppData/Local/Programs/Local/resources/extraResources/lightning-services/php-8.1.9+7/bin/win64/ext\php_php_sodium.dll.dll (Det går inte att hitta den angivna modulen)) in Unknown on line 0
[09-Dec-2022 08:45:54 UTC] PHP Warning:  PHP Startup: Unable to load dynamic library 'php_tidy.dll' (tried: C:/Users/Lojsa/AppData/Local/Programs/Local/resources/extraResources/lightning-services/php-8.1.9+7/bin/win64/ext\php_tidy.dll (Det går inte att hitta den angivna modulen), C:/Users/Lojsa/AppData/Local/Programs/Local/resources/extraResources/lightning-services/php-8.1.9+7/bin/win64/ext\php_php_tidy.dll.dll (Det går inte att hitta den angivna modulen)) in Unknown on line 0
[09-Dec-2022 08:45:54 UTC] PHP Warning:  PHP Startup: Unable to load dynamic library 'php_xsl.dll' (tried: C:/Users/Lojsa/AppData/Local/Programs/Local/resources/extraResources/lightning-services/php-8.1.9+7/bin/win64/ext\php_xsl.dll (Det går inte att hitta den angivna modulen), C:/Users/Lojsa/AppData/Local/Programs/Local/resources/extraResources/lightning-services/php-8.1.9+7/bin/win64/ext\php_php_xsl.dll.dll (Det går inte att hitta den angivna modulen)) in Unknown on line 0
[09-Dec-2022 08:45:54 UTC] PHP Warning:  PHP Startup: Unable to load dynamic library 'php_soap.dll' (tried: C:/Users/Lojsa/AppData/Local/Programs/Local/resources/extraResources/lightning-services/php-8.1.9+7/bin/win64/ext\php_soap.dll (Det går inte att hitta den angivna modulen), C:/Users/Lojsa/AppData/Local/Programs/Local/resources/extraResources/lightning-services/php-8.1.9+7/bin/win64/ext\php_php_soap.dll.dll (Det går inte att hitta den angivna modulen)) in Unknown on line 0
[09-Dec-2022 08:45:54 UTC] PHP Warning:  PHP Startup: Unable to load dynamic library 'php_mysqli.dll' (tried: C:/Users/Lojsa/AppData/Local/Programs/Local/resources/extraResources/lightning-services/php-8.1.9+7/bin/win64/ext\php_mysqli.dll (Det går inte att hitta den angivna modulen), C:/Users/Lojsa/AppData/Local/Programs/Local/resources/extraResources/lightning-services/php-8.1.9+7/bin/win64/ext\php_php_mysqli.dll.dll (Det går inte att hitta den angivna modulen)) in Unknown on line 0
[09-Dec-2022 08:45:54 UTC] PHP Warning:  PHP Startup: Unable to load dynamic library 'php_pdo_mysql.dll' (tried: C:/Users/Lojsa/AppData/Local/Programs/Local/resources/extraResources/lightning-services/php-8.1.9+7/bin/win64/ext\php_pdo_mysql.dll (Det går inte att hitta den angivna modulen), C:/Users/Lojsa/AppData/Local/Programs/Local/resources/extraResources/lightning-services/php-8.1.9+7/bin/win64/ext\php_php_pdo_mysql.dll.dll (Det går inte att hitta den angivna modulen)) in Unknown on line 0
[09-Dec-2022 08:45:54 UTC] PHP Warning:  PHP Startup: Unable to load dynamic library 'php_fileinfo.dll' (tried: C:/Users/Lojsa/AppData/Local/Programs/Local/resources/extraResources/lightning-services/php-8.1.9+7/bin/win64/ext\php_fileinfo.dll (Det går inte att hitta den angivna modulen), C:/Users/Lojsa/AppData/Local/Programs/Local/resources/extraResources/lightning-services/php-8.1.9+7/bin/win64/ext\php_php_fileinfo.dll.dll (Det går inte att hitta den angivna modulen)) in Unknown on line 0
[09-Dec-2022 08:45:54 UTC] PHP Warning:  PHP Startup: Unable to load dynamic library 'php_intl.dll' (tried: C:/Users/Lojsa/AppData/Local/Programs/Local/resources/extraResources/lightning-services/php-8.1.9+7/bin/win64/ext\php_intl.dll (Det går inte att hitta den angivna modulen), C:/Users/Lojsa/AppData/Local/Programs/Local/resources/extraResources/lightning-services/php-8.1.9+7/bin/win64/ext\php_php_intl.dll.dll (Det går inte att hitta den angivna modulen)) in Unknown on line 0
[09-Dec-2022 08:45:55 UTC] PHP Fatal error:  Uncaught Error: Call to undefined function mysql_connect() in C:\Users\Lojsa\Local Sites\fictional-university\app\public\wp-includes\class-wpdb.php:1810
Stack trace:
#0 C:\Users\Lojsa\Local Sites\fictional-university\app\public\wp-includes\class-wpdb.php(734): wpdb->db_connect()
#1 C:\Users\Lojsa\Local Sites\fictional-university\app\public\wp-includes\load.php(562): wpdb->__construct('root', 'root', 'local', 'localhost')
#2 C:\Users\Lojsa\Local Sites\fictional-university\app\public\wp-settings.php(124): require_wp_db()
#3 phar://C:/Users/Lojsa/AppData/Local/Programs/Local/resources/extraResources/bin/wp-cli/wp-cli.phar/vendor/wp-cli/wp-cli/php/WP_CLI/Runner.php(1336): require('C:\\Users\\Lojsa\\...')
#4 phar://C:/Users/Lojsa/AppData/Local/Programs/Local/resources/extraResources/bin/wp-cli/wp-cli.phar/vendor/wp-cli/wp-cli/php/WP_CLI/Runner.php(1254): WP_CLI\Runner->load_wordpress()
#5 phar://C:/Users/Lojsa/AppData/Local/Programs/Local/resources/extraResources/bin/wp-cli/wp-cli.phar/vendor/wp-cli/wp-cli/php/WP_CLI/Bootstrap/LaunchRunner.php(28): WP_CLI\Runner->start()
#6 phar://C:/Users/Lojsa/AppData/Local/Programs/Local/resources/extraResources/bin/wp-cli/wp-cli.phar/vendor/wp-cli/wp-cli/php/bootstrap.php(78): WP_CLI\Bootstrap\LaunchRunner->process(Object(WP_CLI\Bootstrap\BootstrapState))
#7 phar://C:/Users/Lojsa/AppData/Local/Programs/Local/resources/extraResources/bin/wp-cli/wp-cli.phar/vendor/wp-cli/wp-cli/php/wp-cli.php(32): WP_CLI\bootstrap()
#8 phar://C:/Users/Lojsa/AppData/Local/Programs/Local/resources/extraResources/bin/wp-cli/wp-cli.phar/php/boot-phar.php(11): include('phar://C:/Users...')
#9 C:\Users\Lojsa\AppData\Local\Programs\Local\resources\extraResources\bin\wp-cli\wp-cli.phar(4): include('phar://C:/Users...')
#10 {main}
  thrown in C:\Users\Lojsa\Local Sites\fictional-university\app\public\wp-includes\class-wpdb.php on line 1810
[09-Dec-2022 09:06:09 UTC] PHP Fatal error:  Uncaught ArgumentCountError: Too few arguments to function greet(), 0 passed in C:\Users\Lojsa\Local Sites\fictional-university\app\public\wp-content\themes\fictional-university-theme\index.php on line 7 and exactly 2 expected in C:\Users\Lojsa\Local Sites\fictional-university\app\public\wp-content\themes\fictional-university-theme\index.php:2
Stack trace:
#0 C:\Users\Lojsa\Local Sites\fictional-university\app\public\wp-content\themes\fictional-university-theme\index.php(7): greet()
#1 C:\Users\Lojsa\Local Sites\fictional-university\app\public\wp-includes\template-loader.php(106): include('C:\\Users\\Lojsa\\...')
#2 C:\Users\Lojsa\Local Sites\fictional-university\app\public\wp-blog-header.php(19): require_once('C:\\Users\\Lojsa\\...')
#3 C:\Users\Lojsa\Local Sites\fictional-university\app\public\index.php(17): require('C:\\Users\\Lojsa\\...')
#4 {main}
  thrown in C:\Users\Lojsa\Local Sites\fictional-university\app\public\wp-content\themes\fictional-university-theme\index.php on line 2
[09-Dec-2022 09:52:09 UTC] PHP Parse error:  syntax error, unexpected token "while" in C:\Users\Lojsa\Local Sites\fictional-university\app\public\wp-content\themes\fictional-university-theme\single.php on line 4
[09-Dec-2022 09:52:47 UTC] PHP Parse error:  syntax error, unexpected token "while" in C:\Users\Lojsa\Local Sites\fictional-university\app\public\wp-content\themes\fictional-university-theme\single.php on line 4
[09-Dec-2022 09:52:48 UTC] PHP Parse error:  syntax error, unexpected token "while" in C:\Users\Lojsa\Local Sites\fictional-university\app\public\wp-content\themes\fictional-university-theme\single.php on line 4
[09-Dec-2022 09:59:11 UTC] PHP Fatal error:  Uncaught ArgumentCountError: Too few arguments to function add_action(), 0 passed in C:\Users\Lojsa\Local Sites\fictional-university\app\public\wp-content\themes\fictional-university-theme\functions.php on line 2 and at least 2 expected in C:\Users\Lojsa\Local Sites\fictional-university\app\public\wp-includes\plugin.php:441
Stack trace:
#0 C:\Users\Lojsa\Local Sites\fictional-university\app\public\wp-content\themes\fictional-university-theme\functions.php(2): add_action()
#1 C:\Users\Lojsa\Local Sites\fictional-university\app\public\wp-settings.php(585): include('C:\\Users\\Lojsa\\...')
#2 C:\Users\Lojsa\Local Sites\fictional-university\app\public\wp-config.php(91): require_once('C:\\Users\\Lojsa\\...')
#3 C:\Users\Lojsa\Local Sites\fictional-university\app\public\wp-load.php(50): require_once('C:\\Users\\Lojsa\\...')
#4 C:\Users\Lojsa\Local Sites\fictional-university\app\public\wp-admin\admin-ajax.php(22): require_once('C:\\Users\\Lojsa\\...')
#5 {main}
  thrown in C:\Users\Lojsa\Local Sites\fictional-university\app\public\wp-includes\plugin.php on line 441
[09-Dec-2022 12:30:03 UTC] PHP Fatal error:  Uncaught ArgumentCountError: Too few arguments to function add_theme_support(), 0 passed in C:\Users\Lojsa\Local Sites\fictional-university\app\public\wp-content\themes\fictional-university-theme\functions.php on line 14 and exactly 1 expected in C:\Users\Lojsa\Local Sites\fictional-university\app\public\wp-includes\theme.php:2594
Stack trace:
#0 C:\Users\Lojsa\Local Sites\fictional-university\app\public\wp-content\themes\fictional-university-theme\functions.php(14): add_theme_support()
#1 C:\Users\Lojsa\Local Sites\fictional-university\app\public\wp-includes\class-wp-hook.php(308): university_features('')
#2 C:\Users\Lojsa\Local Sites\fictional-university\app\public\wp-includes\class-wp-hook.php(332): WP_Hook->apply_filters(NULL, Array)
#3 C:\Users\Lojsa\Local Sites\fictional-university\app\public\wp-includes\plugin.php(517): WP_Hook->do_action(Array)
#4 C:\Users\Lojsa\Local Sites\fictional-university\app\public\wp-settings.php(595): do_action('after_setup_the...')
#5 C:\Users\Lojsa\Local Sites\fictional-university\app\public\wp-config.php(91): require_once('C:\\Users\\Lojsa\\...')
#6 C:\Users\Lojsa\Local Sites\fictional-university\app\public\wp-load.php(50): require_once('C:\\Users\\Lojsa\\...')
#7 C:\Users\Lojsa\Local Sites\fictional-university\app\public\wp-admin\admin-ajax.php(22): require_once('C:\\Users\\Lojsa\\...')
#8 {main}
  thrown in C:\Users\Lojsa\Local Sites\fictional-university\app\public\wp-includes\theme.php on line 2594
[12-Dec-2022 13:15:22 UTC] PHP Parse error:  syntax error, unexpected identifier "add_theme_support" in C:\Users\Lojsa\Local Sites\fictional-university\app\public\wp-content\themes\fictional-university-theme\functions.php on line 15
[12-Dec-2022 13:15:22 UTC] PHP Warning:  Trying to access array offset on value of type bool in C:\Users\Lojsa\Local Sites\fictional-university\app\public\wp-includes\class-wp-recovery-mode-email-service.php on line 372
[12-Dec-2022 13:15:22 UTC] PHP Stack trace:
[12-Dec-2022 13:15:22 UTC] PHP   1. WP_Fatal_Error_Handler->handle() C:\Users\Lojsa\Local Sites\fictional-university\app\public\wp-includes\class-wp-fatal-error-handler.php:0
[12-Dec-2022 13:15:22 UTC] PHP   2. WP_Recovery_Mode->handle_error($error = ['type' => 4, 'message' => 'syntax error, unexpected identifier "add_theme_support"', 'file' => 'C:\\Users\\Lojsa\\Local Sites\\fictional-university\\app\\public\\wp-content\\themes\\fictional-university-theme\\functions.php', 'line' => 15]) C:\Users\Lojsa\Local Sites\fictional-university\app\public\wp-includes\class-wp-fatal-error-handler.php:53
[12-Dec-2022 13:15:22 UTC] PHP   3. WP_Recovery_Mode_Email_Service->maybe_send_recovery_mode_email($rate_limit = 86400, $error = ['type' => 4, 'message' => 'syntax error, unexpected identifier "add_theme_support"', 'file' => 'C:\\Users\\Lojsa\\Local Sites\\fictional-university\\app\\public\\wp-content\\themes\\fictional-university-theme\\functions.php', 'line' => 15], $extension = ['type' => 'theme', 'slug' => 'fictional-university-theme']) C:\Users\Lojsa\Local Sites\fictional-university\app\public\wp-includes\class-wp-recovery-mode.php:185
[12-Dec-2022 13:15:22 UTC] PHP   4. WP_Recovery_Mode_Email_Service->send_recovery_mode_email($rate_limit = 86400, $error = ['type' => 4, 'message' => 'syntax error, unexpected identifier "add_theme_support"', 'file' => 'C:\\Users\\Lojsa\\Local Sites\\fictional-university\\app\\public\\wp-content\\themes\\fictional-university-theme\\functions.php', 'line' => 15], $extension = ['type' => 'theme', 'slug' => 'fictional-university-theme']) C:\Users\Lojsa\Local Sites\fictional-university\app\public\wp-includes\class-wp-recovery-mode-email-service.php:62
[12-Dec-2022 13:15:22 UTC] PHP   5. WP_Recovery_Mode_Email_Service->get_debug($extension = ['type' => 'theme', 'slug' => 'fictional-university-theme']) C:\Users\Lojsa\Local Sites\fictional-university\app\public\wp-includes\class-wp-recovery-mode-email-service.php:155
[12-Dec-2022 13:15:22 UTC] PHP Warning:  Trying to access array offset on value of type bool in C:\Users\Lojsa\Local Sites\fictional-university\app\public\wp-includes\class-wp-recovery-mode-email-service.php on line 373
[12-Dec-2022 13:15:22 UTC] PHP Stack trace:
[12-Dec-2022 13:15:22 UTC] PHP   1. WP_Fatal_Error_Handler->handle() C:\Users\Lojsa\Local Sites\fictional-university\app\public\wp-includes\class-wp-fatal-error-handler.php:0
[12-Dec-2022 13:15:22 UTC] PHP   2. WP_Recovery_Mode->handle_error($error = ['type' => 4, 'message' => 'syntax error, unexpected identifier "add_theme_support"', 'file' => 'C:\\Users\\Lojsa\\Local Sites\\fictional-university\\app\\public\\wp-content\\themes\\fictional-university-theme\\functions.php', 'line' => 15]) C:\Users\Lojsa\Local Sites\fictional-university\app\public\wp-includes\class-wp-fatal-error-handler.php:53
[12-Dec-2022 13:15:22 UTC] PHP   3. WP_Recovery_Mode_Email_Service->maybe_send_recovery_mode_email($rate_limit = 86400, $error = ['type' => 4, 'message' => 'syntax error, unexpected identifier "add_theme_support"', 'file' => 'C:\\Users\\Lojsa\\Local Sites\\fictional-university\\app\\public\\wp-content\\themes\\fictional-university-theme\\functions.php', 'line' => 15], $extension = ['type' => 'theme', 'slug' => 'fictional-university-theme']) C:\Users\Lojsa\Local Sites\fictional-university\app\public\wp-includes\class-wp-recovery-mode.php:185
[12-Dec-2022 13:15:22 UTC] PHP   4. WP_Recovery_Mode_Email_Service->send_recovery_mode_email($rate_limit = 86400, $error = ['type' => 4, 'message' => 'syntax error, unexpected identifier "add_theme_support"', 'file' => 'C:\\Users\\Lojsa\\Local Sites\\fictional-university\\app\\public\\wp-content\\themes\\fictional-university-theme\\functions.php', 'line' => 15], $extension = ['type' => 'theme', 'slug' => 'fictional-university-theme']) C:\Users\Lojsa\Local Sites\fictional-university\app\public\wp-includes\class-wp-recovery-mode-email-service.php:62
[12-Dec-2022 13:15:22 UTC] PHP   5. WP_Recovery_Mode_Email_Service->get_debug($extension = ['type' => 'theme', 'slug' => 'fictional-university-theme']) C:\Users\Lojsa\Local Sites\fictional-university\app\public\wp-includes\class-wp-recovery-mode-email-service.php:155
[12-Dec-2022 13:15:24 UTC] PHP Parse error:  syntax error, unexpected identifier "add_theme_support" in C:\Users\Lojsa\Local Sites\fictional-university\app\public\wp-content\themes\fictional-university-theme\functions.php on line 15
[12-Dec-2022 13:15:24 UTC] PHP Parse error:  syntax error, unexpected identifier "add_theme_support" in C:\Users\Lojsa\Local Sites\fictional-university\app\public\wp-content\themes\fictional-university-theme\functions.php on line 15
[12-Dec-2022 13:15:26 UTC] PHP Parse error:  syntax error, unexpected identifier "add_theme_support" in C:\Users\Lojsa\Local Sites\fictional-university\app\public\wp-content\themes\fictional-university-theme\functions.php on line 15
[12-Dec-2022 13:15:26 UTC] PHP Parse error:  syntax error, unexpected identifier "add_theme_support" in C:\Users\Lojsa\Local Sites\fictional-university\app\public\wp-content\themes\fictional-university-theme\functions.php on line 15
[13-Dec-2022 10:35:25 UTC] PHP Fatal error:  Cannot redeclare iniversity_post_types() (previously declared in C:\Users\Lojsa\Local Sites\fictional-university\app\public\wp-content\mu-plugins\university-post-types.php:4) in C:\Users\Lojsa\Local Sites\fictional-university\app\public\wp-content\themes\fictional-university-theme\functions.php on line 19
[13-Dec-2022 10:35:25 UTC] PHP Stack trace:
[13-Dec-2022 10:35:25 UTC] PHP   1. {main}() C:\Users\Lojsa\Local Sites\fictional-university\app\public\wp-admin\edit.php:0
[13-Dec-2022 10:35:25 UTC] PHP   2. require_once() C:\Users\Lojsa\Local Sites\fictional-university\app\public\wp-admin\edit.php:10
[13-Dec-2022 10:35:25 UTC] PHP   3. require_once() C:\Users\Lojsa\Local Sites\fictional-university\app\public\wp-admin\admin.php:34
[13-Dec-2022 10:35:25 UTC] PHP   4. require_once() C:\Users\Lojsa\Local Sites\fictional-university\app\public\wp-load.php:50
[13-Dec-2022 10:35:25 UTC] PHP   5. require_once() C:\Users\Lojsa\Local Sites\fictional-university\app\public\wp-config.php:91
[13-Dec-2022 10:35:26 UTC] PHP Fatal error:  Cannot redeclare iniversity_post_types() (previously declared in C:\Users\Lojsa\Local Sites\fictional-university\app\public\wp-content\mu-plugins\university-post-types.php:4) in C:\Users\Lojsa\Local Sites\fictional-university\app\public\wp-content\themes\fictional-university-theme\functions.php on line 19
[13-Dec-2022 10:35:26 UTC] PHP Stack trace:
[13-Dec-2022 10:35:26 UTC] PHP   1. {main}() C:\Users\Lojsa\Local Sites\fictional-university\app\public\index.php:0
[13-Dec-2022 10:35:26 UTC] PHP   2. require() C:\Users\Lojsa\Local Sites\fictional-university\app\public\index.php:17
[13-Dec-2022 10:35:26 UTC] PHP   3. require_once() C:\Users\Lojsa\Local Sites\fictional-university\app\public\wp-blog-header.php:13
[13-Dec-2022 10:35:26 UTC] PHP   4. require_once() C:\Users\Lojsa\Local Sites\fictional-university\app\public\wp-load.php:50
[13-Dec-2022 10:35:26 UTC] PHP   5. require_once() C:\Users\Lojsa\Local Sites\fictional-university\app\public\wp-config.php:91
[13-Dec-2022 12:04:18 UTC] PHP Parse error:  syntax error, unexpected token "=>" in C:\Users\Lojsa\Local Sites\fictional-university\app\public\wp-content\mu-plugins\university-post-types.php on line 4
[13-Dec-2022 12:04:18 UTC] PHP Parse error:  syntax error, unexpected token "=>" in C:\Users\Lojsa\Local Sites\fictional-university\app\public\wp-content\mu-plugins\university-post-types.php on line 4
[13-Dec-2022 12:04:19 UTC] PHP Parse error:  syntax error, unexpected token "=>" in C:\Users\Lojsa\Local Sites\fictional-university\app\public\wp-content\mu-plugins\university-post-types.php on line 4
[13-Dec-2022 12:04:19 UTC] PHP Parse error:  syntax error, unexpected token "=>" in C:\Users\Lojsa\Local Sites\fictional-university\app\public\wp-content\mu-plugins\university-post-types.php on line 4
[13-Dec-2022 12:04:19 UTC] PHP Parse error:  syntax error, unexpected token "=>" in C:\Users\Lojsa\Local Sites\fictional-university\app\public\wp-content\mu-plugins\university-post-types.php on line 4
[13-Dec-2022 12:04:19 UTC] PHP Parse error:  syntax error, unexpected token "=>" in C:\Users\Lojsa\Local Sites\fictional-university\app\public\wp-content\mu-plugins\university-post-types.php on line 4
[13-Dec-2022 12:08:12 UTC] PHP Parse error:  syntax error, unexpected token ";", expecting ")" in C:\Users\Lojsa\Local Sites\fictional-university\app\public\wp-content\themes\fictional-university-theme\single-event.php on line 20
[14-Dec-2022 12:18:42 UTC] PHP Parse error:  syntax error, unexpected token ";", expecting ")" in C:\Users\Lojsa\Local Sites\fictional-university\app\public\wp-content\themes\fictional-university-theme\page-past-events.php on line 52
